<?xml version="1.0" encoding="UTF-8"?>
<testsuite xmlns:xsi="http://www.w3.org/2001/XMLSchema-instance" xsi:noNamespaceSchemaLocation="https://maven.apache.org/surefire/maven-surefire-plugin/xsd/surefire-test-report.xsd" name="testRunner.TestRun" time="133.349" tests="66" errors="0" skipped="3" failures="2">
  <properties>
[...]
</properties>
  <testcase name="Given user launch chrome browser" classname="Scenario: Add a new customer" time="0.002"/>
  <testcase name="When user opens url &quot;https://admin-demo.nopcommerce.com/&quot;" classname="Scenario: Add a new customer" time="0"/>
  <testcase name="And user enters email as &quot;admin@yourstore.com&quot; and password as &quot;admin&quot;" classname="Scenario: Add a new customer" time="0"/>
  <testcase name="And clicks on login" classname="Scenario: Add a new customer" time="0"/>
  <testcase name="Then user can view dashboard" classname="Scenario: Add a new customer" time="0"/>
  <testcase name="When user clicks on customers menu" classname="Scenario: Add a new customer" time="0"/>
  <testcase name="And clicks on customer menu item" classname="Scenario: Add a new customer" time="0"/>
  <testcase name="And clicks on add new button" classname="Scenario: Add a new customer" time="0"/>
  <testcase name="Then user can view add new customer page" classname="Scenario: Add a new customer" time="0"/>
  <testcase name="When user enters customer info" classname="Scenario: Add a new customer" time="0"/>
  <testcase name="And clicks on save button" classname="Scenario: Add a new customer" time="0"/>
  <testcase name="Then user can view confirmation message &quot;The new customer has been added successfully.&quot;" classname="Scenario: Add a new customer" time="0"/>
  <testcase name="And close browser" classname="Scenario: Add a new customer" time="0"/>
  <testcase name="Scenario: Add a new customer" classname="Scenario: Add a new customer" time="0.001"/>
  <testcase name="Given user launch chrome browser" classname="Scenario: Search Customer by EMailID" time="0.001"/>
  <testcase name="When user opens url &quot;https://admin-demo.nopcommerce.com/&quot;" classname="Scenario: Search Customer by EMailID" time="0"/>
  <testcase name="And user enters email as &quot;admin@yourstore.com&quot; and password as &quot;admin&quot;" classname="Scenario: Search Customer by EMailID" time="0"/>
  <testcase name="And clicks on login" classname="Scenario: Search Customer by EMailID" time="0"/>
  <testcase name="Then user can view dashboard" classname="Scenario: Search Customer by EMailID" time="0"/>
  <testcase name="When user clicks on customers menu" classname="Scenario: Search Customer by EMailID" time="0"/>
  <testcase name="And clicks on customer menu item" classname="Scenario: Search Customer by EMailID" time="0"/>
  <testcase name="And Enter customer EMail" classname="Scenario: Search Customer by EMailID" time="0"/>
  <testcase name="When Click on search button" classname="Scenario: Search Customer by EMailID" time="0"/>
  <testcase name="Then User should found Email in the Search table" classname="Scenario: Search Customer by EMailID" time="0"/>
  <testcase name="And close browser" classname="Scenario: Search Customer by EMailID" time="0"/>
  <testcase name="Scenario: Search Customer by EMailID" classname="Scenario: Search Customer by EMailID" time="0"/>
  <testcase name="Given user launch chrome browser" classname="Scenario: Search Customer by Name" time="0"/>
  <testcase name="When user opens url &quot;https://admin-demo.nopcommerce.com/&quot;" classname="Scenario: Search Customer by Name" time="0"/>
  <testcase name="And user enters email as &quot;admin@yourstore.com&quot; and password as &quot;admin&quot;" classname="Scenario: Search Customer by Name" time="0"/>
  <testcase name="And clicks on login" classname="Scenario: Search Customer by Name" time="0"/>
  <testcase name="Then user can view dashboard" classname="Scenario: Search Customer by Name" time="0"/>
  <testcase name="When user clicks on customers menu" classname="Scenario: Search Customer by Name" time="0.001"/>
  <testcase name="And clicks on customer menu item" classname="Scenario: Search Customer by Name" time="0"/>
  <testcase name="And Enter customer FirstName" classname="Scenario: Search Customer by Name" time="0"/>
  <testcase name="And Enter customer LastName" classname="Scenario: Search Customer by Name" time="0"/>
  <testcase name="When Click on search button" classname="Scenario: Search Customer by Name" time="0"/>
  <testcase name="Then User should found Name in the Search table" classname="Scenario: Search Customer by Name" time="0"/>
  <testcase name="And close browser" classname="Scenario: Search Customer by Name" time="0"/>
  <testcase name="Scenario: Search Customer by Name" classname="Scenario: Search Customer by Name" time="0"/>
  <testcase name="Given user launch chrome browser" classname="Scenario: successful login with valid credentials" time="0.001"/>
  <testcase name="When user opens url &quot;https://admin-demo.nopcommerce.com/&quot;" classname="Scenario: successful login with valid credentials" time="0"/>
  <testcase name="And user enters email as &quot;admin@yourstore.com&quot; and password as &quot;admin&quot;" classname="Scenario: successful login with valid credentials" time="0"/>
  <testcase name="And clicks on login" classname="Scenario: successful login with valid credentials" time="0"/>
  <testcase name="Then page title should be &quot;Dashboard / nopCommerce administration&quot;" classname="Scenario: successful login with valid credentials" time="0"/>
  <testcase name="When useer clicks on logout link" classname="Scenario: successful login with valid credentials" time="0"/>
  <testcase name="Then page title should be &quot;Your store. Login&quot;" classname="Scenario: successful login with valid credentials" time="0"/>
  <testcase name="And close browser" classname="Scenario: successful login with valid credentials" time="0"/>
  <testcase name="Scenario: successful login with valid credentials" classname="Scenario: successful login with valid credentials" time="0"/>
  <testcase name="Given user launch chrome browser" classname="| admin@yourstore.com | admin |" time="0"/>
  <testcase name="When user opens url &quot;https://admin-demo.nopcommerce.com/&quot;" classname="| admin@yourstore.com | admin |" time="0"/>
  <testcase name="And user enters email as &quot;admin@yourstore.com&quot; and password as &quot;admin&quot;" classname="| admin@yourstore.com | admin |" time="0"/>
  <testcase name="And clicks on login" classname="| admin@yourstore.com | admin |" time="0"/>
  <testcase name="Then page title should be &quot;Dashboard / nopCommerce administration&quot;" classname="| admin@yourstore.com | admin |" time="0"/>
  <testcase name="When useer clicks on logout link" classname="| admin@yourstore.com | admin |" time="0"/>
  <testcase name="Then page title should be &quot;Your store. Login&quot;" classname="| admin@yourstore.com | admin |" time="0"/>
  <testcase name="And close browser" classname="| admin@yourstore.com | admin |" time="0"/>
  <testcase name="| admin@yourstore.com | admin |" classname="| admin@yourstore.com | admin |" time="0.001"/>
  <testcase name="Given user launch chrome browser" classname="| admin@yourstore.com | admin123 |" time="0"/>
  <testcase name="When user opens url &quot;https://admin-demo.nopcommerce.com/&quot;" classname="| admin@yourstore.com | admin123 |" time="0"/>
  <testcase name="And user enters email as &quot;admin@yourstore.com&quot; and password as &quot;admin123&quot;" classname="| admin@yourstore.com | admin123 |" time="0"/>
  <testcase name="And clicks on login" classname="| admin@yourstore.com | admin123 |" time="0"/>
  <testcase name="Then page title should be &quot;Dashboard / nopCommerce administration&quot;" classname="| admin@yourstore.com | admin123 |" time="0.009">
    <failure type="java.lang.AssertionError">java.lang.AssertionError
</failure>
  </testcase>
  <testcase name="| admin@yourstore.com | admin123 |" classname="| admin@yourstore.com | admin123 |" time="0.009">
    <failure type="java.lang.AssertionError">java.lang.AssertionError
</failure>
  </testcase>
  <testcase name="When useer clicks on logout link" classname="| admin@yourstore.com | admin123 |" time="0">
    <skipped/>
  </testcase>
  <testcase name="Then page title should be &quot;Your store. Login&quot;" classname="| admin@yourstore.com | admin123 |" time="0">
    <skipped/>
  </testcase>
  <testcase name="And close browser" classname="| admin@yourstore.com | admin123 |" time="0">
    <skipped/>
  </testcase>
</testsuite>