<?xml version="1.0" encoding="UTF-8"?>
<testsuite xmlns:xsi="http://www.w3.org/2001/XMLSchema-instance" xsi:noNamespaceSchemaLocation="https://maven.apache.org/surefire/maven-failsafe-plugin/xsd/failsafe-test-report-3.0.xsd" version="3.0" name="Scenario: successful login with valid credentials" time="22.499" tests="9" errors="0" skipped="0" failures="0">
  <properties>
[...]
</properties>
  <testcase name="" classname="Scenario: successful login with valid credentials" time="0">
    <system-out><![CDATA[cucumber.runtime.CucumberException: Only one formatter can use STDOUT, now both pretty and pretty use it. If you use more than one formatter you must specify output path with PLUGIN:PATH_OR_URL
	at cucumber.runtime.formatter.PluginFactory.defaultOutOrFailIfAlreadyUsed(PluginFactory.java:185)
	at cucumber.runtime.formatter.PluginFactory.convertOrNull(PluginFactory.java:144)
	at cucumber.runtime.formatter.PluginFactory.instantiate(PluginFactory.java:99)
	at cucumber.runtime.formatter.PluginFactory.create(PluginFactory.java:87)
	at cucumber.runtime.RuntimeOptions.getPlugins(RuntimeOptions.java:245)
	at cucumber.runtime.RuntimeOptions$1.invoke(RuntimeOptions.java:291)
	at com.sun.proxy.$Proxy15.uri(Unknown Source)
	at cucumber.runtime.junit.JUnitReporter.uri(JUnitReporter.java:179)
	at cucumber.runtime.junit.FeatureRunner.run(FeatureRunner.java:68)
	at cucumber.api.junit.Cucumber.runChild(Cucumber.java:95)
	at cucumber.api.junit.Cucumber.runChild(Cucumber.java:38)
	at org.junit.runners.ParentRunner$4.run(ParentRunner.java:331)
	at org.apache.maven.surefire.junitcore.pc.Scheduler$1.run(Scheduler.java:405)
	at java.base/java.util.concurrent.Executors$RunnableAdapter.call(Executors.java:515)
	at java.base/java.util.concurrent.FutureTask.run(FutureTask.java:264)
	at java.base/java.util.concurrent.ThreadPoolExecutor.runWorker(ThreadPoolExecutor.java:1128)
	at java.base/java.util.concurrent.ThreadPoolExecutor$Worker.run(ThreadPoolExecutor.java:628)
	at java.base/java.lang.Thread.run(Thread.java:834)

Feature: login

07-14-2021 21:31:44 Steps.java INFO  [pool-2-thread-2] CucumberBy_SDET 69 - *******opening url*******

07-14-2021 21:31:48 Steps.java INFO  [pool-2-thread-2] CucumberBy_SDET 100 - *******providing loging details*******

07-14-2021 21:31:49 Steps.java INFO  [pool-2-thread-2] CucumberBy_SDET 107 - *******started loging*******

07-14-2021 21:31:56 Steps.java INFO  [pool-2-thread-2] CucumberBy_SDET 90 - *******loging failed*******

07-14-2021 21:31:56 Steps.java INFO  [pool-2-thread-2] CucumberBy_SDET 75 - ******click on logout link********

07-14-2021 21:32:03 Steps.java INFO  [pool-2-thread-2] CucumberBy_SDET 90 - *******loging failed*******

07-14-2021 21:32:03 Steps.java INFO  [pool-2-thread-2] CucumberBy_SDET 115 - ******close browser********



  @sanity

  Scenario: successful login with valid credentials                        # Login.feature:4

    Given user launch chrome browser                                       # Steps.user_launch_chrome_browser()

    When user opens url "https://admin-demo.nopcommerce.com/"              # Steps.user_opens_url_something(String)

    And user enters email as "admin@yourstore.com" and password as "admin" # Steps.user_enters_email_as_something_and_password_as_something(String,String)

    And clicks on login                                                    # Steps.clicks_on_login()

    Then page title should be "Dashboard / nopCommerce administration"     # Steps.page_title_should_be_something(String)

    When useer clicks on logout link                                       # Steps.useer_clicks_on_logout_link()

    Then page title should be "Your store. Login"                          # Steps.page_title_should_be_something(String)

    And close browser                                                      # Steps.close_browser()



  @regression

  Scenario Outline: : LoginData Driven                                 # Login.feature:16

    Given user launch chrome browser

    When user opens url "https://admin-demo.nopcommerce.com/"

    And user enters email as "<email>" and password as "<password>"

    And clicks on login

    Then page title should be "Dashboard / nopCommerce administration"

    When useer clicks on logout link

    Then page title should be "Your store. Login"

    And close browser



    Examples: 

07-14-2021 21:31:43 Steps.java INFO  [pool-2-thread-2] CucumberBy_SDET 53 - *******launching browser*******
]]></system-out>
    <system-err><![CDATA[Starting ChromeDriver 91.0.4472.101 (af52a90bf87030dd1523486a1cd3ae25c5d76c9b-refs/branch-heads/4472@{#1462}) on port 3659
Only local connections are allowed.
Please see https://chromedriver.chromium.org/security-considerations for suggestions on keeping ChromeDriver safe.
ChromeDriver was started successfully.
Jul 14, 2021 9:31:43 PM org.openqa.selenium.remote.ProtocolHandshake createSession
INFO: Detected dialect: W3C
]]></system-err>
  </testcase>
  <testcase name="Given user launch chrome browser" classname="Scenario: successful login with valid credentials" time="0.002"/>
  <testcase name="When user opens url &quot;https://admin-demo.nopcommerce.com/&quot;" classname="Scenario: successful login with valid credentials" time="0"/>
  <testcase name="And user enters email as &quot;admin@yourstore.com&quot; and password as &quot;admin&quot;" classname="Scenario: successful login with valid credentials" time="0"/>
  <testcase name="And clicks on login" classname="Scenario: successful login with valid credentials" time="0"/>
  <testcase name="Then page title should be &quot;Dashboard / nopCommerce administration&quot;" classname="Scenario: successful login with valid credentials" time="0"/>
  <testcase name="When useer clicks on logout link" classname="Scenario: successful login with valid credentials" time="0"/>
  <testcase name="Then page title should be &quot;Your store. Login&quot;" classname="Scenario: successful login with valid credentials" time="0"/>
  <testcase name="And close browser" classname="Scenario: successful login with valid credentials" time="0"/>
</testsuite>