<?xml version="1.0" encoding="UTF-8"?>
<testsuite xmlns:xsi="http://www.w3.org/2001/XMLSchema-instance" xsi:noNamespaceSchemaLocation="https://maven.apache.org/surefire/maven-failsafe-plugin/xsd/failsafe-test-report-3.0.xsd" version="3.0" name="| admin@yourstore.com | admin |" time="19.798" tests="9" errors="0" skipped="0" failures="0">
  <properties>
[...]
</properties>
  <testcase name="" classname="| admin@yourstore.com | admin |" time="0">
    <system-out><![CDATA[07-14-2021 21:32:05 Steps.java INFO  [pool-2-thread-2] CucumberBy_SDET 69 - *******opening url*******

07-14-2021 21:32:09 Steps.java INFO  [pool-2-thread-2] CucumberBy_SDET 100 - *******providing loging details*******

07-14-2021 21:32:10 Steps.java INFO  [pool-2-thread-2] CucumberBy_SDET 107 - *******started loging*******

07-14-2021 21:32:18 Steps.java INFO  [pool-2-thread-2] CucumberBy_SDET 90 - *******loging failed*******

07-14-2021 21:32:18 Steps.java INFO  [pool-2-thread-2] CucumberBy_SDET 75 - ******click on logout link********

07-14-2021 21:32:23 Steps.java INFO  [pool-2-thread-2] CucumberBy_SDET 90 - *******loging failed*******

07-14-2021 21:32:23 Steps.java INFO  [pool-2-thread-2] CucumberBy_SDET 115 - ******close browser********

07-14-2021 21:32:05 Steps.java INFO  [pool-2-thread-2] CucumberBy_SDET 53 - *******launching browser*******
]]></system-out>
    <system-err><![CDATA[Starting ChromeDriver 91.0.4472.101 (af52a90bf87030dd1523486a1cd3ae25c5d76c9b-refs/branch-heads/4472@{#1462}) on port 35556
Only local connections are allowed.
Please see https://chromedriver.chromium.org/security-considerations for suggestions on keeping ChromeDriver safe.
ChromeDriver was started successfully.
Jul 14, 2021 9:32:05 PM org.openqa.selenium.remote.ProtocolHandshake createSession
INFO: Detected dialect: W3C
]]></system-err>
  </testcase>
  <testcase name="Given user launch chrome browser" classname="| admin@yourstore.com | admin |" time="0"/>
  <testcase name="When user opens url &quot;https://admin-demo.nopcommerce.com/&quot;" classname="| admin@yourstore.com | admin |" time="0"/>
  <testcase name="And user enters email as &quot;admin@yourstore.com&quot; and password as &quot;admin&quot;" classname="| admin@yourstore.com | admin |" time="0"/>
  <testcase name="And clicks on login" classname="| admin@yourstore.com | admin |" time="0"/>
  <testcase name="Then page title should be &quot;Dashboard / nopCommerce administration&quot;" classname="| admin@yourstore.com | admin |" time="0"/>
  <testcase name="When useer clicks on logout link" classname="| admin@yourstore.com | admin |" time="0"/>
  <testcase name="Then page title should be &quot;Your store. Login&quot;" classname="| admin@yourstore.com | admin |" time="0"/>
  <testcase name="And close browser" classname="| admin@yourstore.com | admin |" time="0"/>
</testsuite>